2022/07/27 11:43:09 main.go:31: userLogin Lorem Ipsum is simply dummy text of the printing and typesetting industry.
2022/07/27 11:43:09 main.go:30: counterOfNumber 87
2022/07/27 11:43:09 main.go:31: userLogin Lorem Ipsum is simply dummy text of the printing and typesetting industry.
2022/07/27 11:43:09 main.go:30: counterOfNumber 88
2022/07/27 11:43:09 main.go:31: userLogin Lorem Ipsum is simply dummy text of the printing and typesetting industry.
2022/07/27 11:43:09 main.go:30: counterOfNumber 89
2022/07/27 11:43:09 main.go:31: userLogin Lorem Ipsum is simply dummy text of the printing and typesetting industry.
2022/07/27 11:43:09 main.go:30: counterOfNumber 90
2022/07/27 11:43:09 main.go:31: userLogin Lorem Ipsum is simply dummy text of the printing and typesetting industry.
2022/07/27 11:43:09 main.go:30: counterOfNumber 91
2022/07/27 11:43:09 main.go:31: userLogin Lorem Ipsum is simply dummy text of the printing and typesetting industry.
2022/07/27 11:43:09 main.go:30: counterOfNumber 92
2022/07/27 11:43:09 main.go:31: userLogin Lorem Ipsum is simply dummy text of the printing and typesetting industry.
2022/07/27 11:43:09 main.go:30: counterOfNumber 93
2022/07/27 11:43:09 main.go:31: userLogin Lorem Ipsum is simply dummy text of the printing and typesetting industry.
2022/07/27 11:43:09 main.go:37: gracefulShutdown done
2022/07/27 11:43:10 main.go:25: example log start  v0.5.0
2022/07/27 11:43:10 main.go:30: counterOfNumber 1
2022/07/27 11:43:10 main.go:31: userLogin Lorem Ipsum is simply dummy text of the printing and typesetting industry.
2022/07/27 11:43:10 main.go:30: counterOfNumber 2
2022/07/27 11:43:10 main.go:31: userLogin Lorem Ipsum is simply dummy text of the printing and typesetting industry.
2022/07/27 11:43:10 main.go:30: counterOfNumber 3
2022/07/27 11:43:10 main.go:31: userLogin Lorem Ipsum is simply dummy text of the printing and typesetting industry.
2022/07/27 11:43:10 main.go:30: counterOfNumber 4
2022/07/27 11:43:10 main.go:31: userLogin Lorem Ipsum is simply dummy text of the printing and typesetting industry.
2022/07/27 11:43:10 main.go:30: counterOfNumber 5
2022/07/27 11:43:10 main.go:31: userLogin Lorem Ipsum is simply dummy text of the printing and typesetting industry.
2022/07/27 11:43:10 main.go:30: counterOfNumber 6
2022/07/27 11:43:10 main.go:31: userLogin Lorem Ipsum is simply dummy text of the printing and typesetting industry.
2022/07/27 11:43:10 main.go:30: counterOfNumber 7
2022/07/27 11:43:10 main.go:31: userLogin Lorem Ipsum is simply dummy text of the printing and typesetting industry.
2022/07/27 11:43:10 main.go:30: counterOfNumber 8
2022/07/27 11:43:10 main.go:31: userLogin Lorem Ipsum is simply dummy text of the printing and typesetting industry.
2022/07/27 11:43:10 main.go:30: counterOfNumber 9
2022/07/27 11:43:10 main.go:31: userLogin Lorem Ipsum is simply dummy text of the printing and typesetting industry.
2022/07/27 11:43:10 main.go:30: counterOfNumber 10
2022/07/27 11:43:10 main.go:31: userLogin Lorem Ipsum is simply dummy text of the printing and typesetting industry.
2022/07/27 11:43:10 main.go:30: counterOfNumber 11
2022/07/27 11:43:10 main.go:31: userLogin Lorem Ipsum is simply dummy text of the printing and typesetting industry.
2022/07/27 11:43:10 main.go:30: counterOfNumber 12
2022/07/27 11:43:10 main.go:31: userLogin Lorem Ipsum is simply dummy text of the printing and typesetting industry.
2022/07/27 11:43:10 main.go:30: counterOfNumber 13
2022/07/27 11:43:10 main.go:31: userLogin Lorem Ipsum is simply dummy text of the printing and typesetting industry.
2022/07/27 11:43:10 main.go:30: counterOfNumber 14
2022/07/27 11:43:10 main.go:31: userLogin Lorem Ipsum is simply dummy text of the printing and typesetting industry.
2022/07/27 11:43:10 main.go:30: counterOfNumber 15
2022/07/27 11:43:10 main.go:31: userLogin Lorem Ipsum is simply dummy text of the printing and typesetting industry.
2022/07/27 11:43:10 main.go:30: counterOfNumber 16
2022/07/27 11:43:10 main.go:31: userLogin Lorem Ipsum is simply dummy text of the printing and typesetting industry.
2022/07/27 11:43:10 main.go:30: counterOfNumber 17
2022/07/27 11:43:10 main.go:31: userLogin Lorem Ipsum is simply dummy text of the printing and typesetting industry.
2022/07/27 11:43:10 main.go:30: counterOfNumber 18
2022/07/27 11:43:10 main.go:31: userLogin Lorem Ipsum is simply dummy text of the printing and typesetting industry.
2022/07/27 11:43:10 main.go:30: counterOfNumber 19
2022/07/27 11:43:10 main.go:31: userLogin Lorem Ipsum is simply dummy text of the printing and typesetting industry.
2022/07/27 11:43:11 main.go:30: counterOfNumber 20
2022/07/27 11:43:11 main.go:31: userLogin Lorem Ipsum is simply dummy text of the printing and typesetting industry.
2022/07/27 11:43:11 main.go:30: counterOfNumber 21
2022/07/27 11:43:11 main.go:31: userLogin Lorem Ipsum is simply dummy text of the printing and typesetting industry.
2022/07/27 11:43:11 main.go:30: counterOfNumber 22
2022/07/27 11:43:11 main.go:31: userLogin Lorem Ipsum is simply dummy text of the printing and typesetting industry.
2022/07/27 11:43:11 main.go:30: counterOfNumber 23
2022/07/27 11:43:11 main.go:31: userLogin Lorem Ipsum is simply dummy text of the printing and typesetting industry.
2022/07/27 11:43:11 main.go:30: counterOfNumber 24
2022/07/27 11:43:11 main.go:31: userLogin Lorem Ipsum is simply dummy text of the printing and typesetting industry.
2022/07/27 11:43:11 main.go:30: counterOfNumber 25
2022/07/27 11:43:11 main.go:31: userLogin Lorem Ipsum is simply dummy text of the printing and typesetting industry.
2022/07/27 11:43:11 main.go:30: counterOfNumber 26
2022/07/27 11:43:11 main.go:31: userLogin Lorem Ipsum is simply dummy text of the printing and typesetting industry.
2022/07/27 11:43:11 main.go:30: counterOfNumber 27
2022/07/27 11:43:11 main.go:31: userLogin Lorem Ipsum is simply dummy text of the printing and typesetting industry.
2022/07/27 11:43:11 main.go:30: counterOfNumber 28
2022/07/27 11:43:11 main.go:31: userLogin Lorem Ipsum is simply dummy text of the printing and typesetting industry.
2022/07/27 11:43:11 main.go:30: counterOfNumber 29
2022/07/27 11:43:11 main.go:31: userLogin Lorem Ipsum is simply dummy text of the printing and typesetting industry.
2022/07/27 11:43:11 main.go:30: counterOfNumber 30
2022/07/27 11:43:11 main.go:31: userLogin Lorem Ipsum is simply dummy text of the printing and typesetting industry.
2022/07/27 11:43:11 main.go:30: counterOfNumber 31
2022/07/27 11:43:11 main.go:31: userLogin Lorem Ipsum is simply dummy text of the printing and typesetting industry.
2022/07/27 11:43:11 main.go:30: counterOfNumber 32
2022/07/27 11:43:11 main.go:31: userLogin Lorem Ipsum is simply dummy text of the printing and typesetting industry.
2022/07/27 11:43:11 main.go:30: counterOfNumber 33
2022/07/27 11:43:11 main.go:31: userLogin Lorem Ipsum is simply dummy text of the printing and typesetting industry.
2022/07/27 11:43:11 main.go:30: counterOfNumber 34
2022/07/27 11:43:11 main.go:31: userLogin Lorem Ipsum is simply dummy text of the printing and typesetting industry.
2022/07/27 11:43:11 main.go:30: counterOfNumber 35
2022/07/27 11:43:11 main.go:31: userLogin Lorem Ipsum is simply dummy text of the printing and typesetting industry.
2022/07/27 11:43:11 main.go:30: counterOfNumber 36
2022/07/27 11:43:11 main.go:31: userLogin Lorem Ipsum is simply dummy text of the printing and typesetting industry.
2022/07/27 11:43:11 main.go:30: counterOfNumber 37
2022/07/27 11:43:11 main.go:31: userLogin Lorem Ipsum is simply dummy text of the printing and typesetting industry.
2022/07/27 11:43:11 main.go:30: counterOfNumber 38
2022/07/27 11:43:11 main.go:31: userLogin Lorem Ipsum is simply dummy text of the printing and typesetting industry.
2022/07/27 11:43:11 main.go:30: counterOfNumber 39
2022/07/27 11:43:11 main.go:31: userLogin Lorem Ipsum is simply dummy text of the printing and typesetting industry.
2022/07/27 11:43:11 main.go:30: counterOfNumber 40
2022/07/27 11:43:11 main.go:31: userLogin Lorem Ipsum is simply dummy text of the printing and typesetting industry.
2022/07/27 11:43:11 main.go:30: counterOfNumber 41
2022/07/27 11:43:11 main.go:31: userLogin Lorem Ipsum is simply dummy text of the printing and typesetting industry.
2022/07/27 11:43:11 main.go:30: counterOfNumber 42
2022/07/27 11:43:11 main.go:31: userLogin Lorem Ipsum is simply dummy text of the printing and typesetting industry.
2022/07/27 11:43:11 main.go:30: counterOfNumber 43
2022/07/27 11:43:11 main.go:31: userLogin Lorem Ipsum is simply dummy text of the printing and typesetting industry.
2022/07/27 11:43:11 main.go:30: counterOfNumber 44
2022/07/27 11:43:11 main.go:31: userLogin Lorem Ipsum is simply dummy text of the printing and typesetting industry.
2022/07/27 11:43:11 main.go:30: counterOfNumber 45
2022/07/27 11:43:11 main.go:31: userLogin Lorem Ipsum is simply dummy text of the printing and typesetting industry.
2022/07/27 11:43:11 main.go:30: counterOfNumber 46
2022/07/27 11:43:11 main.go:31: userLogin Lorem Ipsum is simply dummy text of the printing and typesetting industry.
2022/07/27 11:43:11 main.go:30: counterOfNumber 47
2022/07/27 11:43:11 main.go:31: userLogin Lorem Ipsum is simply dummy text of the printing and typesetting industry.
2022/07/27 11:43:11 main.go:30: counterOfNumber 48
2022/07/27 11:43:11 main.go:31: userLogin Lorem Ipsum is simply dummy text of the printing and typesetting industry.
2022/07/27 11:43:11 main.go:30: counterOfNumber 49
2022/07/27 11:43:11 main.go:31: userLogin Lorem Ipsum is simply dummy text of the printing and typesetting industry.
2022/07/27 11:43:11 main.go:30: counterOfNumber 50
2022/07/27 11:43:11 main.go:31: userLogin Lorem Ipsum is simply dummy text of the printing and typesetting industry.
2022/07/27 11:43:11 main.go:30: counterOfNumber 51
2022/07/27 11:43:11 main.go:31: userLogin Lorem Ipsum is simply dummy text of the printing and typesetting industry.
2022/07/27 11:43:11 main.go:30: counterOfNumber 52
2022/07/27 11:43:11 main.go:31: userLogin Lorem Ipsum is simply dummy text of the printing and typesetting industry.
2022/07/27 11:43:11 main.go:30: counterOfNumber 53
2022/07/27 11:43:11 main.go:31: userLogin Lorem Ipsum is simply dummy text of the printing and typesetting industry.
2022/07/27 11:43:11 main.go:30: counterOfNumber 54
2022/07/27 11:43:11 main.go:31: userLogin Lorem Ipsum is simply dummy text of the printing and typesetting industry.
2022/07/27 11:43:11 main.go:30: counterOfNumber 55
2022/07/27 11:43:11 main.go:31: userLogin Lorem Ipsum is simply dummy text of the printing and typesetting industry.
2022/07/27 11:43:11 main.go:30: counterOfNumber 56
2022/07/27 11:43:11 main.go:31: userLogin Lorem Ipsum is simply dummy text of the printing and typesetting industry.
2022/07/27 11:43:11 main.go:30: counterOfNumber 57
2022/07/27 11:43:11 main.go:31: userLogin Lorem Ipsum is simply dummy text of the printing and typesetting industry.
2022/07/27 11:43:11 main.go:30: counterOfNumber 58
2022/07/27 11:43:11 main.go:31: userLogin Lorem Ipsum is simply dummy text of the printing and typesetting industry.
2022/07/27 11:43:11 main.go:30: counterOfNumber 59
2022/07/27 11:43:11 main.go:31: userLogin Lorem Ipsum is simply dummy text of the printing and typesetting industry.
2022/07/27 11:43:11 main.go:30: counterOfNumber 60
2022/07/27 11:43:11 main.go:31: userLogin Lorem Ipsum is simply dummy text of the printing and typesetting industry.
2022/07/27 11:43:11 main.go:30: counterOfNumber 61
2022/07/27 11:43:11 main.go:31: userLogin Lorem Ipsum is simply dummy text of the printing and typesetting industry.
2022/07/27 11:43:11 main.go:30: counterOfNumber 62
2022/07/27 11:43:11 main.go:31: userLogin Lorem Ipsum is simply dummy text of the printing and typesetting industry.
2022/07/27 11:43:11 main.go:30: counterOfNumber 63
2022/07/27 11:43:11 main.go:31: userLogin Lorem Ipsum is simply dummy text of the printing and typesetting industry.
2022/07/27 11:43:11 main.go:30: counterOfNumber 64
2022/07/27 11:43:11 main.go:31: userLogin Lorem Ipsum is simply dummy text of the printing and typesetting industry.
2022/07/27 11:43:11 main.go:30: counterOfNumber 65
2022/07/27 11:43:11 main.go:31: userLogin Lorem Ipsum is simply dummy text of the printing and typesetting industry.
2022/07/27 11:43:11 main.go:30: counterOfNumber 66
2022/07/27 11:43:11 main.go:31: userLogin Lorem Ipsum is simply dummy text of the printing and typesetting industry.
2022/07/27 11:43:11 main.go:30: counterOfNumber 67
2022/07/27 11:43:11 main.go:31: userLogin Lorem Ipsum is simply dummy text of the printing and typesetting industry.
2022/07/27 11:43:12 main.go:30: counterOfNumber 68
2022/07/27 11:43:12 main.go:31: userLogin Lorem Ipsum is simply dummy text of the printing and typesetting industry.
2022/07/27 11:43:12 main.go:30: counterOfNumber 69
2022/07/27 11:43:12 main.go:31: userLogin Lorem Ipsum is simply dummy text of the printing and typesetting industry.
2022/07/27 11:43:12 main.go:37: gracefulShutdown done
2022/07/27 11:43:13 main.go:25: example log start  v0.5.0
2022/07/27 11:43:13 main.go:30: counterOfNumber 1
2022/07/27 11:43:13 main.go:31: userLogin Lorem Ipsum is simply dummy text of the printing and typesetting industry.
2022/07/27 11:43:13 main.go:30: counterOfNumber 2
2022/07/27 11:43:13 main.go:31: userLogin Lorem Ipsum is simply dummy text of the printing and typesetting industry.
2022/07/27 11:43:13 main.go:30: counterOfNumber 3
2022/07/27 11:43:13 main.go:31: userLogin Lorem Ipsum is simply dummy text of the printing and typesetting industry.
2022/07/27 11:43:13 main.go:30: counterOfNumber 4
2022/07/27 11:43:13 main.go:31: userLogin Lorem Ipsum is simply dummy text of the printing and typesetting industry.
2022/07/27 11:43:13 main.go:30: counterOfNumber 5
2022/07/27 11:43:13 main.go:31: userLogin Lorem Ipsum is simply dummy text of the printing and typesetting industry.
2022/07/27 11:43:13 main.go:30: counterOfNumber 6
2022/07/27 11:43:13 main.go:31: userLogin Lorem Ipsum is simply dummy text of the printing and typesetting industry.
2022/07/27 11:43:13 main.go:30: counterOfNumber 7
2022/07/27 11:43:13 main.go:31: userLogin Lorem Ipsum is simply dummy text of the printing and typesetting industry.
2022/07/27 11:43:13 main.go:30: counterOfNumber 8
2022/07/27 11:43:13 main.go:31: userLogin Lorem Ipsum is simply dummy text of the printing and typesetting industry.
2022/07/27 11:43:13 main.go:30: counterOfNumber 9
2022/07/27 11:43:13 main.go:31: userLogin Lorem Ipsum is simply dummy text of the printing and typesetting industry.
2022/07/27 11:43:13 main.go:30: counterOfNumber 10
2022/07/27 11:43:13 main.go:31: userLogin Lorem Ipsum is simply dummy text of the printing and typesetting industry.
2022/07/27 11:43:13 main.go:30: counterOfNumber 11
2022/07/27 11:43:13 main.go:31: userLogin Lorem Ipsum is simply dummy text of the printing and typesetting industry.
2022/07/27 11:43:13 main.go:30: counterOfNumber 12
2022/07/27 11:43:13 main.go:31: userLogin Lorem Ipsum is simply dummy text of the printing and typesetting industry.
2022/07/27 11:43:13 main.go:30: counterOfNumber 13
2022/07/27 11:43:13 main.go:31: userLogin Lorem Ipsum is simply dummy text of the printing and typesetting industry.
2022/07/27 11:43:13 main.go:30: counterOfNumber 14
2022/07/27 11:43:13 main.go:31: userLogin Lorem Ipsum is simply dummy text of the printing and typesetting industry.
2022/07/27 11:43:13 main.go:30: counterOfNumber 15
2022/07/27 11:43:13 main.go:31: userLogin Lorem Ipsum is simply dummy text of the printing and typesetting industry.
2022/07/27 11:43:13 main.go:30: counterOfNumber 16
2022/07/27 11:43:13 main.go:31: userLogin Lorem Ipsum is simply dummy text of the printing and typesetting industry.
2022/07/27 11:43:13 main.go:30: counterOfNumber 17
2022/07/27 11:43:13 main.go:31: userLogin Lorem Ipsum is simply dummy text of the printing and typesetting industry.
2022/07/27 11:43:13 main.go:30: counterOfNumber 18
2022/07/27 11:43:13 main.go:31: userLogin Lorem Ipsum is simply dummy text of the printing and typesetting industry.
2022/07/27 11:43:13 main.go:30: counterOfNumber 19
2022/07/27 11:43:13 main.go:31: userLogin Lorem Ipsum is simply dummy text of the printing and typesetting industry.
2022/07/27 11:43:13 main.go:30: counterOfNumber 20
2022/07/27 11:43:13 main.go:31: userLogin Lorem Ipsum is simply dummy text of the printing and typesetting industry.
2022/07/27 11:43:13 main.go:30: counterOfNumber 21
2022/07/27 11:43:13 main.go:31: userLogin Lorem Ipsum is simply dummy text of the printing and typesetting industry.
2022/07/27 11:43:13 main.go:30: counterOfNumber 22
2022/07/27 11:43:13 main.go:31: userLogin Lorem Ipsum is simply dummy text of the printing and typesetting industry.
2022/07/27 11:43:13 main.go:30: counterOfNumber 23
2022/07/27 11:43:13 main.go:31: userLogin Lorem Ipsum is simply dummy text of the printing and typesetting industry.
2022/07/27 11:43:13 main.go:30: counterOfNumber 24
2022/07/27 11:43:13 main.go:31: userLogin Lorem Ipsum is simply dummy text of the printing and typesetting industry.
2022/07/27 11:43:13 main.go:30: counterOfNumber 25
2022/07/27 11:43:13 main.go:31: userLogin Lorem Ipsum is simply dummy text of the printing and typesetting industry.
2022/07/27 11:43:13 main.go:30: counterOfNumber 26
2022/07/27 11:43:13 main.go:31: userLogin Lorem Ipsum is simply dummy text of the printing and typesetting industry.
2022/07/27 11:43:13 main.go:30: counterOfNumber 27
2022/07/27 11:43:13 main.go:31: userLogin Lorem Ipsum is simply dummy text of the printing and typesetting industry.
2022/07/27 11:43:13 main.go:30: counterOfNumber 28
2022/07/27 11:43:13 main.go:31: userLogin Lorem Ipsum is simply dummy text of the printing and typesetting industry.
2022/07/27 11:43:13 main.go:30: counterOfNumber 29
2022/07/27 11:43:13 main.go:31: userLogin Lorem Ipsum is simply dummy text of the printing and typesetting industry.
2022/07/27 11:43:13 main.go:30: counterOfNumber 30
2022/07/27 11:43:13 main.go:31: userLogin Lorem Ipsum is simply dummy text of the printing and typesetting industry.
2022/07/27 11:43:13 main.go:30: counterOfNumber 31
2022/07/27 11:43:13 main.go:31: userLogin Lorem Ipsum is simply dummy text of the printing and typesetting industry.
2022/07/27 11:43:13 main.go:30: counterOfNumber 32
2022/07/27 11:43:13 main.go:31: userLogin Lorem Ipsum is simply dummy text of the printing and typesetting industry.
2022/07/27 11:43:13 main.go:30: counterOfNumber 33
2022/07/27 11:43:13 main.go:31: userLogin Lorem Ipsum is simply dummy text of the printing and typesetting industry.
2022/07/27 11:43:13 main.go:30: counterOfNumber 34
2022/07/27 11:43:13 main.go:31: userLogin Lorem Ipsum is simply dummy text of the printing and typesetting industry.
2022/07/27 11:43:13 main.go:30: counterOfNumber 35
2022/07/27 11:43:13 main.go:31: userLogin Lorem Ipsum is simply dummy text of the printing and typesetting industry.
2022/07/27 11:43:13 main.go:30: counterOfNumber 36
2022/07/27 11:43:13 main.go:31: userLogin Lorem Ipsum is simply dummy text of the printing and typesetting industry.
2022/07/27 11:43:14 main.go:30: counterOfNumber 37
2022/07/27 11:43:14 main.go:31: userLogin Lorem Ipsum is simply dummy text of the printing and typesetting industry.
2022/07/27 11:43:14 main.go:30: counterOfNumber 38
2022/07/27 11:43:14 main.go:31: userLogin Lorem Ipsum is simply dummy text of the printing and typesetting industry.
2022/07/27 11:43:14 main.go:30: counterOfNumber 39
2022/07/27 11:43:14 main.go:31: userLogin Lorem Ipsum is simply dummy text of the printing and typesetting industry.
2022/07/27 11:43:14 main.go:30: counterOfNumber 40
2022/07/27 11:43:14 main.go:31: userLogin Lorem Ipsum is simply dummy text of the printing and typesetting industry.
2022/07/27 11:43:14 main.go:30: counterOfNumber 41
2022/07/27 11:43:14 main.go:31: userLogin Lorem Ipsum is simply dummy text of the printing and typesetting industry.
2022/07/27 11:43:14 main.go:30: counterOfNumber 42
2022/07/27 11:43:14 main.go:31: userLogin Lorem Ipsum is simply dummy text of the printing and typesetting industry.
2022/07/27 11:43:14 main.go:30: counterOfNumber 43
2022/07/27 11:43:14 main.go:31: userLogin Lorem Ipsum is simply dummy text of the printing and typesetting industry.
2022/07/27 11:43:14 main.go:30: counterOfNumber 44
2022/07/27 11:43:14 main.go:31: userLogin Lorem Ipsum is simply dummy text of the printing and typesetting industry.
2022/07/27 11:43:14 main.go:30: counterOfNumber 45
2022/07/27 11:43:14 main.go:31: userLogin Lorem Ipsum is simply dummy text of the printing and typesetting industry.
2022/07/27 11:43:14 main.go:30: counterOfNumber 46
2022/07/27 11:43:14 main.go:31: userLogin Lorem Ipsum is simply dummy text of the printing and typesetting industry.
2022/07/27 11:43:14 main.go:30: counterOfNumber 47
2022/07/27 11:43:14 main.go:31: userLogin Lorem Ipsum is simply dummy text of the printing and typesetting industry.
2022/07/27 11:43:14 main.go:30: counterOfNumber 48
2022/07/27 11:43:14 main.go:31: userLogin Lorem Ipsum is simply dummy text of the printing and typesetting industry.
2022/07/27 11:43:14 main.go:30: counterOfNumber 49
2022/07/27 11:43:14 main.go:31: userLogin Lorem Ipsum is simply dummy text of the printing and typesetting industry.
2022/07/27 11:43:14 main.go:30: counterOfNumber 50
2022/07/27 11:43:14 main.go:31: userLogin Lorem Ipsum is simply dummy text of the printing and typesetting industry.
2022/07/27 11:43:14 main.go:30: counterOfNumber 51
2022/07/27 11:43:14 main.go:31: userLogin Lorem Ipsum is simply dummy text of the printing and typesetting industry.
2022/07/27 11:43:14 main.go:30: counterOfNumber 52
2022/07/27 11:43:14 main.go:31: userLogin Lorem Ipsum is simply dummy text of the printing and typesetting industry.
2022/07/27 11:43:14 main.go:30: counterOfNumber 53
2022/07/27 11:43:14 main.go:31: userLogin Lorem Ipsum is simply dummy text of the printing and typesetting industry.
2022/07/27 11:43:14 main.go:30: counterOfNumber 54
2022/07/27 11:43:14 main.go:31: userLogin Lorem Ipsum is simply dummy text of the printing and typesetting industry.
2022/07/27 11:43:14 main.go:30: counterOfNumber 55
2022/07/27 11:43:14 main.go:31: userLogin Lorem Ipsum is simply dummy text of the printing and typesetting industry.
2022/07/27 11:43:14 main.go:30: counterOfNumber 56
2022/07/27 11:43:14 main.go:31: userLogin Lorem Ipsum is simply dummy text of the printing and typesetting industry.
2022/07/27 11:43:14 main.go:30: counterOfNumber 57
2022/07/27 11:43:14 main.go:31: userLogin Lorem Ipsum is simply dummy text of the printing and typesetting industry.
2022/07/27 11:43:14 main.go:30: counterOfNumber 58
2022/07/27 11:43:14 main.go:31: userLogin Lorem Ipsum is simply dummy text of the printing and typesetting industry.
2022/07/27 11:43:14 main.go:30: counterOfNumber 59
2022/07/27 11:43:14 main.go:31: userLogin Lorem Ipsum is simply dummy text of the printing and typesetting industry.
2022/07/27 11:43:14 main.go:30: counterOfNumber 60
2022/07/27 11:43:14 main.go:31: userLogin Lorem Ipsum is simply dummy text of the printing and typesetting industry.
2022/07/27 11:43:14 main.go:30: counterOfNumber 61
2022/07/27 11:43:14 main.go:31: userLogin Lorem Ipsum is simply dummy text of the printing and typesetting industry.
2022/07/27 11:43:14 main.go:30: counterOfNumber 62
2022/07/27 11:43:14 main.go:31: userLogin Lorem Ipsum is simply dummy text of the printing and typesetting industry.
2022/07/27 11:43:14 main.go:30: counterOfNumber 63
2022/07/27 11:43:14 main.go:31: userLogin Lorem Ipsum is simply dummy text of the printing and typesetting industry.
2022/07/27 11:43:14 main.go:30: counterOfNumber 64
2022/07/27 11:43:14 main.go:31: userLogin Lorem Ipsum is simply dummy text of the printing and typesetting industry.
2022/07/27 11:43:14 main.go:30: counterOfNumber 65
2022/07/27 11:43:14 main.go:31: userLogin Lorem Ipsum is simply dummy text of the printing and typesetting industry.
2022/07/27 11:43:14 main.go:30: counterOfNumber 66
2022/07/27 11:43:14 main.go:31: userLogin Lorem Ipsum is simply dummy text of the printing and typesetting industry.
2022/07/27 11:43:14 main.go:30: counterOfNumber 67
2022/07/27 11:43:14 main.go:31: userLogin Lorem Ipsum is simply dummy text of the printing and typesetting industry.
2022/07/27 11:43:14 main.go:30: counterOfNumber 68
2022/07/27 11:43:14 main.go:31: userLogin Lorem Ipsum is simply dummy text of the printing and typesetting industry.
2022/07/27 11:43:14 main.go:30: counterOfNumber 69
2022/07/27 11:43:14 main.go:31: userLogin Lorem Ipsum is simply dummy text of the printing and typesetting industry.
2022/07/27 11:43:14 main.go:30: counterOfNumber 70
2022/07/27 11:43:14 main.go:31: userLogin Lorem Ipsum is simply dummy text of the printing and typesetting industry.
2022/07/27 11:43:14 main.go:30: counterOfNumber 71
2022/07/27 11:43:14 main.go:31: userLogin Lorem Ipsum is simply dummy text of the printing and typesetting industry.
2022/07/27 11:43:14 main.go:30: counterOfNumber 72
2022/07/27 11:43:14 main.go:31: userLogin Lorem Ipsum is simply dummy text of the printing and typesetting industry.
2022/07/27 11:43:14 main.go:30: counterOfNumber 73
2022/07/27 11:43:14 main.go:31: userLogin Lorem Ipsum is simply dummy text of the printing and typesetting industry.
2022/07/27 11:43:14 main.go:30: counterOfNumber 74
2022/07/27 11:43:14 main.go:31: userLogin Lorem Ipsum is simply dummy text of the printing and typesetting industry.
2022/07/27 11:43:14 main.go:30: counterOfNumber 75
2022/07/27 11:43:14 main.go:31: userLogin Lorem Ipsum is simply dummy text of the printing and typesetting industry.
2022/07/27 11:43:14 main.go:30: counterOfNumber 76
2022/07/27 11:43:14 main.go:31: userLogin Lorem Ipsum is simply dummy text of the printing and typesetting industry.
2022/07/27 11:43:14 main.go:30: counterOfNumber 77
2022/07/27 11:43:14 main.go:31: userLogin Lorem Ipsum is simply dummy text of the printing and typesetting industry.
2022/07/27 11:43:14 main.go:30: counterOfNumber 78
2022/07/27 11:43:14 main.go:31: userLogin Lorem Ipsum is simply dummy text of the printing and typesetting industry.
2022/07/27 11:43:14 main.go:30: counterOfNumber 79
2022/07/27 11:43:14 main.go:31: userLogin Lorem Ipsum is simply dummy text of the printing and typesetting industry.
2022/07/27 11:43:14 main.go:30: counterOfNumber 80
2022/07/27 11:43:14 main.go:31: userLogin Lorem Ipsum is simply dummy text of the printing and typesetting industry.
2022/07/27 11:43:14 main.go:30: counterOfNumber 81
2022/07/27 11:43:14 main.go:31: userLogin Lorem Ipsum is simply dummy text of the printing and typesetting industry.
2022/07/27 11:43:14 main.go:30: counterOfNumber 82
2022/07/27 11:43:14 main.go:31: userLogin Lorem Ipsum is simply dummy text of the printing and typesetting industry.
2022/07/27 11:43:14 main.go:30: counterOfNumber 83
2022/07/27 11:43:14 main.go:31: userLogin Lorem Ipsum is simply dummy text of the printing and typesetting industry.
2022/07/27 11:43:14 main.go:30: counterOfNumber 84
2022/07/27 11:43:14 main.go:31: userLogin Lorem Ipsum is simply dummy text of the printing and typesetting industry.
2022/07/27 11:43:15 main.go:30: counterOfNumber 85
2022/07/27 11:43:15 main.go:31: userLogin Lorem Ipsum is simply dummy text of the printing and typesetting industry.
2022/07/27 11:43:15 main.go:30: counterOfNumber 86
2022/07/27 11:43:15 main.go:31: userLogin Lorem Ipsum is simply dummy text of the printing and typesetting industry.
2022/07/27 11:43:15 main.go:30: counterOfNumber 87
2022/07/27 11:43:15 main.go:31: userLogin Lorem Ipsum is simply dummy text of the printing and typesetting industry.
2022/07/27 11:43:15 main.go:30: counterOfNumber 88
2022/07/27 11:43:15 main.go:31: userLogin Lorem Ipsum is simply dummy text of the printing and typesetting industry.
2022/07/27 11:43:15 main.go:30: counterOfNumber 89
2022/07/27 11:43:15 main.go:31: userLogin Lorem Ipsum is simply dummy text of the printing and typesetting industry.
2022/07/27 11:43:15 main.go:30: counterOfNumber 90
2022/07/27 11:43:15 main.go:31: userLogin Lorem Ipsum is simply dummy text of the printing and typesetting industry.
2022/07/27 11:43:15 main.go:30: counterOfNumber 91
2022/07/27 11:43:15 main.go:31: userLogin Lorem Ipsum is simply dummy text of the printing and typesetting industry.
2022/07/27 11:43:15 main.go:30: counterOfNumber 92
2022/07/27 11:43:15 main.go:31: userLogin Lorem Ipsum is simply dummy text of the printing and typesetting industry.
2022/07/27 11:43:15 main.go:30: counterOfNumber 93
2022/07/27 11:43:15 main.go:31: userLogin Lorem Ipsum is simply dummy text of the printing and typesetting industry.
2022/07/27 11:43:15 main.go:30: counterOfNumber 94
2022/07/27 11:43:15 main.go:31: userLogin Lorem Ipsum is simply dummy text of the printing and typesetting industry.
2022/07/27 11:43:15 main.go:30: counterOfNumber 95
2022/07/27 11:43:15 main.go:31: userLogin Lorem Ipsum is simply dummy text of the printing and typesetting industry.
2022/07/27 11:43:15 main.go:30: counterOfNumber 96
2022/07/27 11:43:15 main.go:31: userLogin Lorem Ipsum is simply dummy text of the printing and typesetting industry.
2022/07/27 11:43:15 main.go:30: counterOfNumber 97
2022/07/27 11:43:15 main.go:31: userLogin Lorem Ipsum is simply dummy text of the printing and typesetting industry.
2022/07/27 11:43:15 main.go:30: counterOfNumber 98
2022/07/27 11:43:15 main.go:31: userLogin Lorem Ipsum is simply dummy text of the printing and typesetting industry.
2022/07/27 11:43:15 main.go:30: counterOfNumber 99
2022/07/27 11:43:15 main.go:31: userLogin Lorem Ipsum is simply dummy text of the printing and typesetting industry.
2022/07/27 11:43:15 main.go:30: counterOfNumber 100
2022/07/27 11:43:15 main.go:31: userLogin Lorem Ipsum is simply dummy text of the printing and typesetting industry.
2022/07/27 11:43:15 main.go:30: counterOfNumber 101
2022/07/27 11:43:15 main.go:31: userLogin Lorem Ipsum is simply dummy text of the printing and typesetting industry.
2022/07/27 11:43:15 main.go:30: counterOfNumber 102
2022/07/27 11:43:15 main.go:31: userLogin Lorem Ipsum is simply dummy text of the printing and typesetting industry.
2022/07/27 11:43:15 main.go:30: counterOfNumber 103
2022/07/27 11:43:15 main.go:31: userLogin Lorem Ipsum is simply dummy text of the printing and typesetting industry.
2022/07/27 11:43:15 main.go:30: counterOfNumber 104
2022/07/27 11:43:15 main.go:31: userLogin Lorem Ipsum is simply dummy text of the printing and typesetting industry.
2022/07/27 11:43:15 main.go:30: counterOfNumber 105
2022/07/27 11:43:15 main.go:31: userLogin Lorem Ipsum is simply dummy text of the printing and typesetting industry.
2022/07/27 11:43:15 main.go:30: counterOfNumber 106
2022/07/27 11:43:15 main.go:31: userLogin Lorem Ipsum is simply dummy text of the printing and typesetting industry.
2022/07/27 11:43:15 main.go:30: counterOfNumber 107
2022/07/27 11:43:15 main.go:31: userLogin Lorem Ipsum is simply dummy text of the printing and typesetting industry.
2022/07/27 11:43:15 main.go:30: counterOfNumber 108
2022/07/27 11:43:15 main.go:31: userLogin Lorem Ipsum is simply dummy text of the printing and typesetting industry.
2022/07/27 11:43:15 main.go:30: counterOfNumber 109
2022/07/27 11:43:15 main.go:31: userLogin Lorem Ipsum is simply dummy text of the printing and typesetting industry.
2022/07/27 11:43:15 main.go:30: counterOfNumber 110
2022/07/27 11:43:15 main.go:31: userLogin Lorem Ipsum is simply dummy text of the printing and typesetting industry.
2022/07/27 11:43:15 main.go:30: counterOfNumber 111
2022/07/27 11:43:15 main.go:31: userLogin Lorem Ipsum is simply dummy text of the printing and typesetting industry.
2022/07/27 11:43:15 main.go:30: counterOfNumber 112
2022/07/27 11:43:15 main.go:31: userLogin Lorem Ipsum is simply dummy text of the printing and typesetting industry.
2022/07/27 11:43:15 main.go:30: counterOfNumber 113
2022/07/27 11:43:15 main.go:31: userLogin Lorem Ipsum is simply dummy text of the printing and typesetting industry.
2022/07/27 11:43:15 main.go:30: counterOfNumber 114
2022/07/27 11:43:15 main.go:31: userLogin Lorem Ipsum is simply dummy text of the printing and typesetting industry.
2022/07/27 11:43:15 main.go:30: counterOfNumber 115
2022/07/27 11:43:15 main.go:31: userLogin Lorem Ipsum is simply dummy text of the printing and typesetting industry.
2022/07/27 11:43:15 main.go:30: counterOfNumber 116
2022/07/27 11:43:15 main.go:31: userLogin Lorem Ipsum is simply dummy text of the printing and typesetting industry.
2022/07/27 11:43:15 main.go:30: counterOfNumber 117
2022/07/27 11:43:15 main.go:31: userLogin Lorem Ipsum is simply dummy text of the printing and typesetting industry.
2022/07/27 11:43:15 main.go:30: counterOfNumber 118
2022/07/27 11:43:15 main.go:31: userLogin Lorem Ipsum is simply dummy text of the printing and typesetting industry.
2022/07/27 11:43:15 main.go:30: counterOfNumber 119
2022/07/27 11:43:15 main.go:31: userLogin Lorem Ipsum is simply dummy text of the printing and typesetting industry.
2022/07/27 11:43:15 main.go:30: counterOfNumber 120
2022/07/27 11:43:15 main.go:31: userLogin Lorem Ipsum is simply dummy text of the printing and typesetting industry.
2022/07/27 11:43:15 main.go:30: counterOfNumber 121
2022/07/27 11:43:15 main.go:31: userLogin Lorem Ipsum is simply dummy text of the printing and typesetting industry.
2022/07/27 11:43:15 main.go:30: counterOfNumber 122
2022/07/27 11:43:15 main.go:31: userLogin Lorem Ipsum is simply dummy text of the printing and typesetting industry.
2022/07/27 11:43:15 main.go:30: counterOfNumber 123
2022/07/27 11:43:15 main.go:31: userLogin Lorem Ipsum is simply dummy text of the printing and typesetting industry.
2022/07/27 11:43:15 main.go:30: counterOfNumber 124
2022/07/27 11:43:15 main.go:31: userLogin Lorem Ipsum is simply dummy text of the printing and typesetting industry.
2022/07/27 11:43:15 main.go:30: counterOfNumber 125
2022/07/27 11:43:15 main.go:31: userLogin Lorem Ipsum is simply dummy text of the printing and typesetting industry.
2022/07/27 11:43:15 main.go:30: counterOfNumber 126
2022/07/27 11:43:15 main.go:31: userLogin Lorem Ipsum is simply dummy text of the printing and typesetting industry.
2022/07/27 11:43:15 main.go:30: counterOfNumber 127
2022/07/27 11:43:15 main.go:31: userLogin Lorem Ipsum is simply dummy text of the printing and typesetting industry.
2022/07/27 11:43:15 main.go:30: counterOfNumber 128
2022/07/27 11:43:15 main.go:31: userLogin Lorem Ipsum is simply dummy text of the printing and typesetting industry.
2022/07/27 11:43:15 main.go:30: counterOfNumber 129
2022/07/27 11:43:15 main.go:31: userLogin Lorem Ipsum is simply dummy text of the printing and typesetting industry.
2022/07/27 11:43:15 main.go:30: counterOfNumber 130
2022/07/27 11:43:15 main.go:31: userLogin Lorem Ipsum is simply dummy text of the printing and typesetting industry.
2022/07/27 11:43:15 main.go:30: counterOfNumber 131
2022/07/27 11:43:15 main.go:31: userLogin Lorem Ipsum is simply dummy text of the printing and typesetting industry.
2022/07/27 11:43:16 main.go:30: counterOfNumber 132
2022/07/27 11:43:16 main.go:31: userLogin Lorem Ipsum is simply dummy text of the printing and typesetting industry.
2022/07/27 11:43:16 main.go:30: counterOfNumber 133
2022/07/27 11:43:16 main.go:31: userLogin Lorem Ipsum is simply dummy text of the printing and typesetting industry.
2022/07/27 11:43:16 main.go:30: counterOfNumber 134
2022/07/27 11:43:16 main.go:31: userLogin Lorem Ipsum is simply dummy text of the printing and typesetting industry.
2022/07/27 11:43:16 main.go:30: counterOfNumber 135
2022/07/27 11:43:16 main.go:31: userLogin Lorem Ipsum is simply dummy text of the printing and typesetting industry.
2022/07/27 11:43:16 main.go:30: counterOfNumber 136
2022/07/27 11:43:16 main.go:31: userLogin Lorem Ipsum is simply dummy text of the printing and typesetting industry.
2022/07/27 11:43:16 main.go:30: counterOfNumber 137
2022/07/27 11:43:16 main.go:31: userLogin Lorem Ipsum is simply dummy text of the printing and typesetting industry.
2022/07/27 11:43:16 main.go:30: counterOfNumber 138
2022/07/27 11:43:16 main.go:31: userLogin Lorem Ipsum is simply dummy text of the printing and typesetting industry.
2022/07/27 11:43:16 main.go:30: counterOfNumber 139
2022/07/27 11:43:16 main.go:31: userLogin Lorem Ipsum is simply dummy text of the printing and typesetting industry.
2022/07/27 11:43:16 main.go:30: counterOfNumber 140
2022/07/27 11:43:16 main.go:31: userLogin Lorem Ipsum is simply dummy text of the printing and typesetting industry.
2022/07/27 11:43:16 main.go:30: counterOfNumber 141
2022/07/27 11:43:16 main.go:31: userLogin Lorem Ipsum is simply dummy text of the printing and typesetting industry.
2022/07/27 11:43:16 main.go:30: counterOfNumber 142
2022/07/27 11:43:16 main.go:31: userLogin Lorem Ipsum is simply dummy text of the printing and typesetting industry.
2022/07/27 11:43:16 main.go:30: counterOfNumber 143
2022/07/27 11:43:16 main.go:31: userLogin Lorem Ipsum is simply dummy text of the printing and typesetting industry.
2022/07/27 11:43:16 main.go:30: counterOfNumber 144
2022/07/27 11:43:16 main.go:31: userLogin Lorem Ipsum is simply dummy text of the printing and typesetting industry.
2022/07/27 11:43:16 main.go:30: counterOfNumber 145
2022/07/27 11:43:16 main.go:31: userLogin Lorem Ipsum is simply dummy text of the printing and typesetting industry.
2022/07/27 11:43:16 main.go:30: counterOfNumber 146
2022/07/27 11:43:16 main.go:31: userLogin Lorem Ipsum is simply dummy text of the printing and typesetting industry.
2022/07/27 11:43:16 main.go:30: counterOfNumber 147
2022/07/27 11:43:16 main.go:31: userLogin Lorem Ipsum is simply dummy text of the printing and typesetting industry.
2022/07/27 11:43:16 main.go:30: counterOfNumber 148
2022/07/27 11:43:16 main.go:31: userLogin Lorem Ipsum is simply dummy text of the printing and typesetting industry.
2022/07/27 11:43:16 main.go:30: counterOfNumber 149
2022/07/27 11:43:16 main.go:31: userLogin Lorem Ipsum is simply dummy text of the printing and typesetting industry.
2022/07/27 11:43:16 main.go:30: counterOfNumber 150
2022/07/27 11:43:16 main.go:31: userLogin Lorem Ipsum is simply dummy text of the printing and typesetting industry.
2022/07/27 11:43:16 main.go:30: counterOfNumber 151
2022/07/27 11:43:16 main.go:31: userLogin Lorem Ipsum is simply dummy text of the printing and typesetting industry.
2022/07/27 11:43:16 main.go:30: counterOfNumber 152
2022/07/27 11:43:16 main.go:31: userLogin Lorem Ipsum is simply dummy text of the printing and typesetting industry.
2022/07/27 11:43:16 main.go:30: counterOfNumber 153
2022/07/27 11:43:16 main.go:31: userLogin Lorem Ipsum is simply dummy text of the printing and typesetting industry.
2022/07/27 11:43:16 main.go:30: counterOfNumber 154
2022/07/27 11:43:16 main.go:31: userLogin Lorem Ipsum is simply dummy text of the printing and typesetting industry.
2022/07/27 11:43:16 main.go:30: counterOfNumber 155
2022/07/27 11:43:16 main.go:31: userLogin Lorem Ipsum is simply dummy text of the printing and typesetting industry.
2022/07/27 11:43:16 main.go:30: counterOfNumber 156
2022/07/27 11:43:16 main.go:31: userLogin Lorem Ipsum is simply dummy text of the printing and typesetting industry.
2022/07/27 11:43:16 main.go:30: counterOfNumber 157
2022/07/27 11:43:16 main.go:31: userLogin Lorem Ipsum is simply dummy text of the printing and typesetting industry.
2022/07/27 11:43:16 main.go:30: counterOfNumber 158
2022/07/27 11:43:16 main.go:31: userLogin Lorem Ipsum is simply dummy text of the printing and typesetting industry.
2022/07/27 11:43:16 main.go:30: counterOfNumber 159
2022/07/27 11:43:16 main.go:31: userLogin Lorem Ipsum is simply dummy text of the printing and typesetting industry.
2022/07/27 11:43:16 main.go:30: counterOfNumber 160
2022/07/27 11:43:16 main.go:31: userLogin Lorem Ipsum is simply dummy text of the printing and typesetting industry.
2022/07/27 11:43:16 main.go:30: counterOfNumber 161
2022/07/27 11:43:16 main.go:31: userLogin Lorem Ipsum is simply dummy text of the printing and typesetting industry.
2022/07/27 11:43:16 main.go:30: counterOfNumber 162
2022/07/27 11:43:16 main.go:31: userLogin Lorem Ipsum is simply dummy text of the printing and typesetting industry.
2022/07/27 11:43:16 main.go:30: counterOfNumber 163
2022/07/27 11:43:16 main.go:31: userLogin Lorem Ipsum is simply dummy text of the printing and typesetting industry.
2022/07/27 11:43:16 main.go:30: counterOfNumber 164
2022/07/27 11:43:16 main.go:31: userLogin Lorem Ipsum is simply dummy text of the printing and typesetting industry.
2022/07/27 11:43:16 main.go:30: counterOfNumber 165
2022/07/27 11:43:16 main.go:31: userLogin Lorem Ipsum is simply dummy text of the printing and typesetting industry.
2022/07/27 11:43:16 main.go:30: counterOfNumber 166
2022/07/27 11:43:16 main.go:31: userLogin Lorem Ipsum is simply dummy text of the printing and typesetting industry.
2022/07/27 11:43:16 main.go:30: counterOfNumber 167
2022/07/27 11:43:16 main.go:31: userLogin Lorem Ipsum is simply dummy text of the printing and typesetting industry.
2022/07/27 11:43:16 main.go:30: counterOfNumber 168
2022/07/27 11:43:16 main.go:31: userLogin Lorem Ipsum is simply dummy text of the printing and typesetting industry.
2022/07/27 11:43:16 main.go:30: counterOfNumber 169
2022/07/27 11:43:16 main.go:31: userLogin Lorem Ipsum is simply dummy text of the printing and typesetting industry.
2022/07/27 11:43:16 main.go:30: counterOfNumber 170
2022/07/27 11:43:16 main.go:31: userLogin Lorem Ipsum is simply dummy text of the printing and typesetting industry.
2022/07/27 11:43:16 main.go:30: counterOfNumber 171
2022/07/27 11:43:16 main.go:31: userLogin Lorem Ipsum is simply dummy text of the printing and typesetting industry.
2022/07/27 11:43:16 main.go:30: counterOfNumber 172
2022/07/27 11:43:16 main.go:31: userLogin Lorem Ipsum is simply dummy text of the printing and typesetting industry.
2022/07/27 11:43:16 main.go:30: counterOfNumber 173
2022/07/27 11:43:16 main.go:31: userLogin Lorem Ipsum is simply dummy text of the printing and typesetting industry.
2022/07/27 11:43:16 main.go:30: counterOfNumber 174
2022/07/27 11:43:16 main.go:31: userLogin Lorem Ipsum is simply dummy text of the printing and typesetting industry.
2022/07/27 11:43:16 main.go:30: counterOfNumber 175
2022/07/27 11:43:16 main.go:31: userLogin Lorem Ipsum is simply dummy text of the printing and typesetting industry.
2022/07/27 11:43:16 main.go:30: counterOfNumber 176
2022/07/27 11:43:16 main.go:31: userLogin Lorem Ipsum is simply dummy text of the printing and typesetting industry.
2022/07/27 11:43:16 main.go:30: counterOfNumber 177
2022/07/27 11:43:16 main.go:31: userLogin Lorem Ipsum is simply dummy text of the printing and typesetting industry.
2022/07/27 11:43:16 main.go:30: counterOfNumber 178
2022/07/27 11:43:16 main.go:31: userLogin Lorem Ipsum is simply dummy text of the printing and typesetting industry.
2022/07/27 11:43:16 main.go:30: counterOfNumber 179
2022/07/27 11:43:16 main.go:31: userLogin Lorem Ipsum is simply dummy text of the printing and typesetting industry.
2022/07/27 11:43:17 main.go:30: counterOfNumber 180
2022/07/27 11:43:17 main.go:31: userLogin Lorem Ipsum is simply dummy text of the printing and typesetting industry.
2022/07/27 11:43:17 main.go:30: counterOfNumber 181
2022/07/27 11:43:17 main.go:31: userLogin Lorem Ipsum is simply dummy text of the printing and typesetting industry.
2022/07/27 11:43:17 main.go:30: counterOfNumber 182
2022/07/27 11:43:17 main.go:31: userLogin Lorem Ipsum is simply dummy text of the printing and typesetting industry.
2022/07/27 11:43:17 main.go:30: counterOfNumber 183
2022/07/27 11:43:17 main.go:31: userLogin Lorem Ipsum is simply dummy text of the printing and typesetting industry.
2022/07/27 11:43:17 main.go:30: counterOfNumber 184
2022/07/27 11:43:17 main.go:31: userLogin Lorem Ipsum is simply dummy text of the printing and typesetting industry.
2022/07/27 11:43:17 main.go:30: counterOfNumber 185
2022/07/27 11:43:17 main.go:31: userLogin Lorem Ipsum is simply dummy text of the printing and typesetting industry.
2022/07/27 11:43:17 main.go:30: counterOfNumber 186
2022/07/27 11:43:17 main.go:31: userLogin Lorem Ipsum is simply dummy text of the printing and typesetting industry.
2022/07/27 11:43:17 main.go:30: counterOfNumber 187
2022/07/27 11:43:17 main.go:31: userLogin Lorem Ipsum is simply dummy text of the printing and typesetting industry.
2022/07/27 11:43:17 main.go:30: counterOfNumber 188
2022/07/27 11:43:17 main.go:31: userLogin Lorem Ipsum is simply dummy text of the printing and typesetting industry.
2022/07/27 11:43:17 main.go:30: counterOfNumber 189
2022/07/27 11:43:17 main.go:31: userLogin Lorem Ipsum is simply dummy text of the printing and typesetting industry.
2022/07/27 11:43:17 main.go:30: counterOfNumber 190
2022/07/27 11:43:17 main.go:31: userLogin Lorem Ipsum is simply dummy text of the printing and typesetting industry.
2022/07/27 11:43:17 main.go:30: counterOfNumber 191
2022/07/27 11:43:17 main.go:31: userLogin Lorem Ipsum is simply dummy text of the printing and typesetting industry.
2022/07/27 11:43:17 main.go:30: counterOfNumber 192
2022/07/27 11:43:17 main.go:31: userLogin Lorem Ipsum is simply dummy text of the printing and typesetting industry.
2022/07/27 11:43:17 main.go:30: counterOfNumber 193
2022/07/27 11:43:17 main.go:31: userLogin Lorem Ipsum is simply dummy text of the printing and typesetting industry.
2022/07/27 11:43:17 main.go:30: counterOfNumber 194
2022/07/27 11:43:17 main.go:31: userLogin Lorem Ipsum is simply dummy text of the printing and typesetting industry.
2022/07/27 11:43:17 main.go:30: counterOfNumber 195
2022/07/27 11:43:17 main.go:31: userLogin Lorem Ipsum is simply dummy text of the printing and typesetting industry.
2022/07/27 11:43:17 main.go:30: counterOfNumber 196
2022/07/27 11:43:17 main.go:31: userLogin Lorem Ipsum is simply dummy text of the printing and typesetting industry.
2022/07/27 11:43:17 main.go:30: counterOfNumber 197
2022/07/27 11:43:17 main.go:31: userLogin Lorem Ipsum is simply dummy text of the printing and typesetting industry.
2022/07/27 11:43:17 main.go:30: counterOfNumber 198
2022/07/27 11:43:17 main.go:31: userLogin Lorem Ipsum is simply dummy text of the printing and typesetting industry.
2022/07/27 11:43:17 main.go:30: counterOfNumber 199
2022/07/27 11:43:17 main.go:31: userLogin Lorem Ipsum is simply dummy text of the printing and typesetting industry.
2022/07/27 11:43:17 main.go:30: counterOfNumber 200
2022/07/27 11:43:17 main.go:31: userLogin Lorem Ipsum is simply dummy text of the printing and typesetting industry.
2022/07/27 11:43:17 main.go:30: counterOfNumber 201
2022/07/27 11:43:17 main.go:31: userLogin Lorem Ipsum is simply dummy text of the printing and typesetting industry.
2022/07/27 11:43:17 main.go:30: counterOfNumber 202
2022/07/27 11:43:17 main.go:31: userLogin Lorem Ipsum is simply dummy text of the printing and typesetting industry.
2022/07/27 11:43:17 main.go:30: counterOfNumber 203
2022/07/27 11:43:17 main.go:31: userLogin Lorem Ipsum is simply dummy text of the printing and typesetting industry.
2022/07/27 11:43:17 main.go:30: counterOfNumber 204
2022/07/27 11:43:17 main.go:31: userLogin Lorem Ipsum is simply dummy text of the printing and typesetting industry.
2022/07/27 11:43:17 main.go:30: counterOfNumber 205
2022/07/27 11:43:17 main.go:31: userLogin Lorem Ipsum is simply dummy text of the printing and typesetting industry.
2022/07/27 11:43:17 main.go:30: counterOfNumber 206
2022/07/27 11:43:17 main.go:31: userLogin Lorem Ipsum is simply dummy text of the printing and typesetting industry.
2022/07/27 11:43:17 main.go:30: counterOfNumber 207
2022/07/27 11:43:17 main.go:31: userLogin Lorem Ipsum is simply dummy text of the printing and typesetting industry.
2022/07/27 11:43:17 main.go:30: counterOfNumber 208
2022/07/27 11:43:17 main.go:31: userLogin Lorem Ipsum is simply dummy text of the printing and typesetting industry.
2022/07/27 11:43:17 main.go:30: counterOfNumber 209
2022/07/27 11:43:17 main.go:31: userLogin Lorem Ipsum is simply dummy text of the printing and typesetting industry.
2022/07/27 11:43:17 main.go:30: counterOfNumber 210
2022/07/27 11:43:17 main.go:31: userLogin Lorem Ipsum is simply dummy text of the printing and typesetting industry.
2022/07/27 11:43:17 main.go:30: counterOfNumber 211
2022/07/27 11:43:17 main.go:31: userLogin Lorem Ipsum is simply dummy text of the printing and typesetting industry.
2022/07/27 11:43:17 main.go:30: counterOfNumber 212
2022/07/27 11:43:17 main.go:31: userLogin Lorem Ipsum is simply dummy text of the printing and typesetting industry.
2022/07/27 11:43:17 main.go:30: counterOfNumber 213
2022/07/27 11:43:17 main.go:31: userLogin Lorem Ipsum is simply dummy text of the printing and typesetting industry.
2022/07/27 11:43:17 main.go:30: counterOfNumber 214
2022/07/27 11:43:17 main.go:31: userLogin Lorem Ipsum is simply dummy text of the printing and typesetting industry.
2022/07/27 11:43:17 main.go:30: counterOfNumber 215
2022/07/27 11:43:17 main.go:31: userLogin Lorem Ipsum is simply dummy text of the printing and typesetting industry.
2022/07/27 11:43:17 main.go:30: counterOfNumber 216
2022/07/27 11:43:17 main.go:31: userLogin Lorem Ipsum is simply dummy text of the printing and typesetting industry.
2022/07/27 11:43:17 main.go:30: counterOfNumber 217
2022/07/27 11:43:17 main.go:31: userLogin Lorem Ipsum is simply dummy text of the printing and typesetting industry.
2022/07/27 11:43:17 main.go:30: counterOfNumber 218
2022/07/27 11:43:17 main.go:31: userLogin Lorem Ipsum is simply dummy text of the printing and typesetting industry.
2022/07/27 11:43:17 main.go:30: counterOfNumber 219
2022/07/27 11:43:17 main.go:31: userLogin Lorem Ipsum is simply dummy text of the printing and typesetting industry.
2022/07/27 11:43:17 main.go:30: counterOfNumber 220
2022/07/27 11:43:17 main.go:31: userLogin Lorem Ipsum is simply dummy text of the printing and typesetting industry.
2022/07/27 11:43:17 main.go:30: counterOfNumber 221
2022/07/27 11:43:17 main.go:31: userLogin Lorem Ipsum is simply dummy text of the printing and typesetting industry.
2022/07/27 11:43:17 main.go:30: counterOfNumber 222
2022/07/27 11:43:17 main.go:31: userLogin Lorem Ipsum is simply dummy text of the printing and typesetting industry.
2022/07/27 11:43:17 main.go:30: counterOfNumber 223
2022/07/27 11:43:17 main.go:31: userLogin Lorem Ipsum is simply dummy text of the printing and typesetting industry.
2022/07/27 11:43:17 main.go:30: counterOfNumber 224
2022/07/27 11:43:17 main.go:31: userLogin Lorem Ipsum is simply dummy text of the printing and typesetting industry.
2022/07/27 11:43:17 main.go:30: counterOfNumber 225
2022/07/27 11:43:17 main.go:31: userLogin Lorem Ipsum is simply dummy text of the printing and typesetting industry.
2022/07/27 11:43:17 main.go:30: counterOfNumber 226
2022/07/27 11:43:17 main.go:31: userLogin Lorem Ipsum is simply dummy text of the printing and typesetting industry.
2022/07/27 11:43:18 main.go:30: counterOfNumber 227
2022/07/27 11:43:18 main.go:31: userLogin Lorem Ipsum is simply dummy text of the printing and typesetting industry.
2022/07/27 11:43:18 main.go:30: counterOfNumber 228
2022/07/27 11:43:18 main.go:31: userLogin Lorem Ipsum is simply dummy text of the printing and typesetting industry.
2022/07/27 11:43:18 main.go:30: counterOfNumber 229
2022/07/27 11:43:18 main.go:31: userLogin Lorem Ipsum is simply dummy text of the printing and typesetting industry.
2022/07/27 11:43:18 main.go:30: counterOfNumber 230
2022/07/27 11:43:18 main.go:31: userLogin Lorem Ipsum is simply dummy text of the printing and typesetting industry.
2022/07/27 11:43:18 main.go:30: counterOfNumber 231
2022/07/27 11:43:18 main.go:31: userLogin Lorem Ipsum is simply dummy text of the printing and typesetting industry.
2022/07/27 11:43:18 main.go:30: counterOfNumber 232
2022/07/27 11:43:18 main.go:31: userLogin Lorem Ipsum is simply dummy text of the printing and typesetting industry.
2022/07/27 11:43:18 main.go:30: counterOfNumber 233
2022/07/27 11:43:18 main.go:31: userLogin Lorem Ipsum is simply dummy text of the printing and typesetting industry.
2022/07/27 11:43:18 main.go:30: counterOfNumber 234
2022/07/27 11:43:18 main.go:31: userLogin Lorem Ipsum is simply dummy text of the printing and typesetting industry.
2022/07/27 11:43:18 main.go:30: counterOfNumber 235
2022/07/27 11:43:18 main.go:31: userLogin Lorem Ipsum is simply dummy text of the printing and typesetting industry.
2022/07/27 11:43:18 main.go:30: counterOfNumber 236
2022/07/27 11:43:18 main.go:31: userLogin Lorem Ipsum is simply dummy text of the printing and typesetting industry.
2022/07/27 11:43:18 main.go:30: counterOfNumber 237
2022/07/27 11:43:18 main.go:31: userLogin Lorem Ipsum is simply dummy text of the printing and typesetting industry.
2022/07/27 11:43:18 main.go:30: counterOfNumber 238
2022/07/27 11:43:18 main.go:31: userLogin Lorem Ipsum is simply dummy text of the printing and typesetting industry.
2022/07/27 11:43:18 main.go:30: counterOfNumber 239
2022/07/27 11:43:18 main.go:31: userLogin Lorem Ipsum is simply dummy text of the printing and typesetting industry.
2022/07/27 11:43:18 main.go:30: counterOfNumber 240
2022/07/27 11:43:18 main.go:31: userLogin Lorem Ipsum is simply dummy text of the printing and typesetting industry.
2022/07/27 11:43:18 main.go:30: counterOfNumber 241
2022/07/27 11:43:18 main.go:31: userLogin Lorem Ipsum is simply dummy text of the printing and typesetting industry.
2022/07/27 11:43:18 main.go:30: counterOfNumber 242
2022/07/27 11:43:18 main.go:31: userLogin Lorem Ipsum is simply dummy text of the printing and typesetting industry.
2022/07/27 11:43:18 main.go:30: counterOfNumber 243
2022/07/27 11:43:18 main.go:31: userLogin Lorem Ipsum is simply dummy text of the printing and typesetting industry.
2022/07/27 11:43:18 main.go:30: counterOfNumber 244
2022/07/27 11:43:18 main.go:31: userLogin Lorem Ipsum is simply dummy text of the printing and typesetting industry.
2022/07/27 11:43:18 main.go:30: counterOfNumber 245
2022/07/27 11:43:18 main.go:31: userLogin Lorem Ipsum is simply dummy text of the printing and typesetting industry.
2022/07/27 11:43:18 main.go:30: counterOfNumber 246
2022/07/27 11:43:18 main.go:31: userLogin Lorem Ipsum is simply dummy text of the printing and typesetting industry.
2022/07/27 11:43:18 main.go:30: counterOfNumber 247
2022/07/27 11:43:18 main.go:31: userLogin Lorem Ipsum is simply dummy text of the printing and typesetting industry.
2022/07/27 11:43:18 main.go:30: counterOfNumber 248
2022/07/27 11:43:18 main.go:31: userLogin Lorem Ipsum is simply dummy text of the printing and typesetting industry.
2022/07/27 11:43:18 main.go:30: counterOfNumber 249
2022/07/27 11:43:18 main.go:31: userLogin Lorem Ipsum is simply dummy text of the printing and typesetting industry.
2022/07/27 11:43:18 main.go:30: counterOfNumber 250
2022/07/27 11:43:18 main.go:31: userLogin Lorem Ipsum is simply dummy text of the printing and typesetting industry.
2022/07/27 11:43:18 main.go:30: counterOfNumber 251
2022/07/27 11:43:18 main.go:31: userLogin Lorem Ipsum is simply dummy text of the printing and typesetting industry.
2022/07/27 11:43:18 main.go:30: counterOfNumber 252
2022/07/27 11:43:18 main.go:31: userLogin Lorem Ipsum is simply dummy text of the printing and typesetting industry.
2022/07/27 11:43:18 main.go:30: counterOfNumber 253
2022/07/27 11:43:18 main.go:31: userLogin Lorem Ipsum is simply dummy text of the printing and typesetting industry.
2022/07/27 11:43:18 main.go:30: counterOfNumber 254
2022/07/27 11:43:18 main.go:31: userLogin Lorem Ipsum is simply dummy text of the printing and typesetting industry.
2022/07/27 11:43:18 main.go:30: counterOfNumber 255
2022/07/27 11:43:18 main.go:31: userLogin Lorem Ipsum is simply dummy text of the printing and typesetting industry.
2022/07/27 11:43:18 main.go:30: counterOfNumber 256
2022/07/27 11:43:18 main.go:31: userLogin Lorem Ipsum is simply dummy text of the printing and typesetting industry.
2022/07/27 11:43:18 main.go:30: counterOfNumber 257
2022/07/27 11:43:18 main.go:31: userLogin Lorem Ipsum is simply dummy text of the printing and typesetting industry.
2022/07/27 11:43:18 main.go:30: counterOfNumber 258
2022/07/27 11:43:18 main.go:31: userLogin Lorem Ipsum is simply dummy text of the printing and typesetting industry.
2022/07/27 11:43:18 main.go:30: counterOfNumber 259
2022/07/27 11:43:18 main.go:31: userLogin Lorem Ipsum is simply dummy text of the printing and typesetting industry.
2022/07/27 11:43:18 main.go:30: counterOfNumber 260
2022/07/27 11:43:18 main.go:31: userLogin Lorem Ipsum is simply dummy text of the printing and typesetting industry.
2022/07/27 11:43:18 main.go:30: counterOfNumber 261
2022/07/27 11:43:18 main.go:31: userLogin Lorem Ipsum is simply dummy text of the printing and typesetting industry.
2022/07/27 11:43:18 main.go:30: counterOfNumber 262
2022/07/27 11:43:18 main.go:31: userLogin Lorem Ipsum is simply dummy text of the printing and typesetting industry.
2022/07/27 11:43:18 main.go:30: counterOfNumber 263
2022/07/27 11:43:18 main.go:31: userLogin Lorem Ipsum is simply dummy text of the printing and typesetting industry.
2022/07/27 11:43:18 main.go:30: counterOfNumber 264
2022/07/27 11:43:18 main.go:31: userLogin Lorem Ipsum is simply dummy text of the printing and typesetting industry.
2022/07/27 11:43:18 main.go:30: counterOfNumber 265
2022/07/27 11:43:18 main.go:31: userLogin Lorem Ipsum is simply dummy text of the printing and typesetting industry.
2022/07/27 11:43:18 main.go:30: counterOfNumber 266
2022/07/27 11:43:18 main.go:31: userLogin Lorem Ipsum is simply dummy text of the printing and typesetting industry.
2022/07/27 11:43:18 main.go:30: counterOfNumber 267
2022/07/27 11:43:18 main.go:31: userLogin Lorem Ipsum is simply dummy text of the printing and typesetting industry.
2022/07/27 11:43:18 main.go:30: counterOfNumber 268
2022/07/27 11:43:18 main.go:31: userLogin Lorem Ipsum is simply dummy text of the printing and typesetting industry.
2022/07/27 11:43:18 main.go:30: counterOfNumber 269
2022/07/27 11:43:18 main.go:31: userLogin Lorem Ipsum is simply dummy text of the printing and typesetting industry.
2022/07/27 11:43:18 main.go:30: counterOfNumber 270
2022/07/27 11:43:18 main.go:31: userLogin Lorem Ipsum is simply dummy text of the printing and typesetting industry.
2022/07/27 11:43:18 main.go:30: counterOfNumber 271
2022/07/27 11:43:18 main.go:31: userLogin Lorem Ipsum is simply dummy text of the printing and typesetting industry.
2022/07/27 11:43:18 main.go:30: counterOfNumber 272
2022/07/27 11:43:18 main.go:31: userLogin Lorem Ipsum is simply dummy text of the printing and typesetting industry.
2022/07/27 11:43:18 main.go:30: counterOfNumber 273
2022/07/27 11:43:18 main.go:31: userLogin Lorem Ipsum is simply dummy text of the printing and typesetting industry.
2022/07/27 11:43:18 main.go:30: counterOfNumber 274
2022/07/27 11:43:18 main.go:31: userLogin Lorem Ipsum is simply dummy text of the printing and typesetting industry.
2022/07/27 11:43:19 main.go:30: counterOfNumber 275
2022/07/27 11:43:19 main.go:31: userLogin Lorem Ipsum is simply dummy text of the printing and typesetting industry.
2022/07/27 11:43:19 main.go:30: counterOfNumber 276
2022/07/27 11:43:19 main.go:31: userLogin Lorem Ipsum is simply dummy text of the printing and typesetting industry.
2022/07/27 11:43:19 main.go:30: counterOfNumber 277
2022/07/27 11:43:19 main.go:31: userLogin Lorem Ipsum is simply dummy text of the printing and typesetting industry.
2022/07/27 11:43:19 main.go:30: counterOfNumber 278
2022/07/27 11:43:19 main.go:31: userLogin Lorem Ipsum is simply dummy text of the printing and typesetting industry.
2022/07/27 11:43:19 main.go:30: counterOfNumber 279
2022/07/27 11:43:19 main.go:31: userLogin Lorem Ipsum is simply dummy text of the printing and typesetting industry.
2022/07/27 11:43:19 main.go:30: counterOfNumber 280
2022/07/27 11:43:19 main.go:31: userLogin Lorem Ipsum is simply dummy text of the printing and typesetting industry.
2022/07/27 11:43:19 main.go:30: counterOfNumber 281
2022/07/27 11:43:19 main.go:31: userLogin Lorem Ipsum is simply dummy text of the printing and typesetting industry.
2022/07/27 11:43:19 main.go:30: counterOfNumber 282
2022/07/27 11:43:19 main.go:31: userLogin Lorem Ipsum is simply dummy text of the printing and typesetting industry.
2022/07/27 11:43:19 main.go:30: counterOfNumber 283
2022/07/27 11:43:19 main.go:31: userLogin Lorem Ipsum is simply dummy text of the printing and typesetting industry.
2022/07/27 11:43:19 main.go:30: counterOfNumber 284
2022/07/27 11:43:19 main.go:31: userLogin Lorem Ipsum is simply dummy text of the printing and typesetting industry.
2022/07/27 11:43:19 main.go:30: counterOfNumber 285
2022/07/27 11:43:19 main.go:31: userLogin Lorem Ipsum is simply dummy text of the printing and typesetting industry.
2022/07/27 11:43:19 main.go:30: counterOfNumber 286
2022/07/27 11:43:19 main.go:31: userLogin Lorem Ipsum is simply dummy text of the printing and typesetting industry.
2022/07/27 11:43:19 main.go:30: counterOfNumber 287
2022/07/27 11:43:19 main.go:31: userLogin Lorem Ipsum is simply dummy text of the printing and typesetting industry.
2022/07/27 11:43:19 main.go:30: counterOfNumber 288
2022/07/27 11:43:19 main.go:31: userLogin Lorem Ipsum is simply dummy text of the printing and typesetting industry.
2022/07/27 11:43:19 main.go:30: counterOfNumber 289
2022/07/27 11:43:19 main.go:31: userLogin Lorem Ipsum is simply dummy text of the printing and typesetting industry.
2022/07/27 11:43:19 main.go:30: counterOfNumber 290
2022/07/27 11:43:19 main.go:31: userLogin Lorem Ipsum is simply dummy text of the printing and typesetting industry.
2022/07/27 11:43:19 main.go:30: counterOfNumber 291
2022/07/27 11:43:19 main.go:31: userLogin Lorem Ipsum is simply dummy text of the printing and typesetting industry.
2022/07/27 11:43:19 main.go:30: counterOfNumber 292
2022/07/27 11:43:19 main.go:31: userLogin Lorem Ipsum is simply dummy text of the printing and typesetting industry.
2022/07/27 11:43:19 main.go:30: counterOfNumber 293
2022/07/27 11:43:19 main.go:31: userLogin Lorem Ipsum is simply dummy text of the printing and typesetting industry.
2022/07/27 11:43:19 main.go:30: counterOfNumber 294
2022/07/27 11:43:19 main.go:31: userLogin Lorem Ipsum is simply dummy text of the printing and typesetting industry.
2022/07/27 11:43:19 main.go:30: counterOfNumber 295
2022/07/27 11:43:19 main.go:31: userLogin Lorem Ipsum is simply dummy text of the printing and typesetting industry.
2022/07/27 11:43:19 main.go:30: counterOfNumber 296
2022/07/27 11:43:19 main.go:31: userLogin Lorem Ipsum is simply dummy text of the printing and typesetting industry.
2022/07/27 11:43:19 main.go:30: counterOfNumber 297
2022/07/27 11:43:19 main.go:31: userLogin Lorem Ipsum is simply dummy text of the printing and typesetting industry.
2022/07/27 11:43:19 main.go:30: counterOfNumber 298
2022/07/27 11:43:19 main.go:31: userLogin Lorem Ipsum is simply dummy text of the printing and typesetting industry.
2022/07/27 11:43:19 main.go:30: counterOfNumber 299
2022/07/27 11:43:19 main.go:31: userLogin Lorem Ipsum is simply dummy text of the printing and typesetting industry.
2022/07/27 11:43:19 main.go:30: counterOfNumber 300
2022/07/27 11:43:19 main.go:31: userLogin Lorem Ipsum is simply dummy text of the printing and typesetting industry.
2022/07/27 11:43:19 main.go:30: counterOfNumber 301
2022/07/27 11:43:19 main.go:31: userLogin Lorem Ipsum is simply dummy text of the printing and typesetting industry.
2022/07/27 11:43:19 main.go:30: counterOfNumber 302
2022/07/27 11:43:19 main.go:31: userLogin Lorem Ipsum is simply dummy text of the printing and typesetting industry.
2022/07/27 11:43:19 main.go:30: counterOfNumber 303
2022/07/27 11:43:19 main.go:31: userLogin Lorem Ipsum is simply dummy text of the printing and typesetting industry.
2022/07/27 11:43:19 main.go:30: counterOfNumber 304
2022/07/27 11:43:19 main.go:31: userLogin Lorem Ipsum is simply dummy text of the printing and typesetting industry.
2022/07/27 11:43:19 main.go:30: counterOfNumber 305
2022/07/27 11:43:19 main.go:31: userLogin Lorem Ipsum is simply dummy text of the printing and typesetting industry.
2022/07/27 11:43:19 main.go:30: counterOfNumber 306
2022/07/27 11:43:19 main.go:31: userLogin Lorem Ipsum is simply dummy text of the printing and typesetting industry.
2022/07/27 11:43:19 main.go:30: counterOfNumber 307
2022/07/27 11:43:19 main.go:31: userLogin Lorem Ipsum is simply dummy text of the printing and typesetting industry.
2022/07/27 11:43:19 main.go:30: counterOfNumber 308
2022/07/27 11:43:19 main.go:31: userLogin Lorem Ipsum is simply dummy text of the printing and typesetting industry.
2022/07/27 11:43:19 main.go:30: counterOfNumber 309
2022/07/27 11:43:19 main.go:31: userLogin Lorem Ipsum is simply dummy text of the printing and typesetting industry.
2022/07/27 11:43:19 main.go:30: counterOfNumber 310
2022/07/27 11:43:19 main.go:31: userLogin Lorem Ipsum is simply dummy text of the printing and typesetting industry.
2022/07/27 11:43:19 main.go:30: counterOfNumber 311
2022/07/27 11:43:19 main.go:31: userLogin Lorem Ipsum is simply dummy text of the printing and typesetting industry.
2022/07/27 11:43:19 main.go:30: counterOfNumber 312
2022/07/27 11:43:19 main.go:31: userLogin Lorem Ipsum is simply dummy text of the printing and typesetting industry.
2022/07/27 11:43:19 main.go:30: counterOfNumber 313
2022/07/27 11:43:19 main.go:31: userLogin Lorem Ipsum is simply dummy text of the printing and typesetting industry.
2022/07/27 11:43:19 main.go:30: counterOfNumber 314
2022/07/27 11:43:19 main.go:31: userLogin Lorem Ipsum is simply dummy text of the printing and typesetting industry.
2022/07/27 11:43:19 main.go:30: counterOfNumber 315
2022/07/27 11:43:19 main.go:31: userLogin Lorem Ipsum is simply dummy text of the printing and typesetting industry.
2022/07/27 11:43:19 main.go:30: counterOfNumber 316
2022/07/27 11:43:19 main.go:31: userLogin Lorem Ipsum is simply dummy text of the printing and typesetting industry.
2022/07/27 11:43:19 main.go:30: counterOfNumber 317
2022/07/27 11:43:19 main.go:31: userLogin Lorem Ipsum is simply dummy text of the printing and typesetting industry.
2022/07/27 11:43:19 main.go:30: counterOfNumber 318
2022/07/27 11:43:19 main.go:31: userLogin Lorem Ipsum is simply dummy text of the printing and typesetting industry.
2022/07/27 11:43:19 main.go:30: counterOfNumber 319
2022/07/27 11:43:19 main.go:31: userLogin Lorem Ipsum is simply dummy text of the printing and typesetting industry.
2022/07/27 11:43:19 main.go:30: counterOfNumber 320
2022/07/27 11:43:19 main.go:31: userLogin Lorem Ipsum is simply dummy text of the printing and typesetting industry.
2022/07/27 11:43:19 main.go:30: counterOfNumber 321
2022/07/27 11:43:19 main.go:31: userLogin Lorem Ipsum is simply dummy text of the printing and typesetting industry.
2022/07/27 11:43:20 main.go:30: counterOfNumber 322
2022/07/27 11:43:20 main.go:31: userLogin Lorem Ipsum is simply dummy text of the printing and typesetting industry.
2022/07/27 11:43:20 main.go:30: counterOfNumber 323
2022/07/27 11:43:20 main.go:31: userLogin Lorem Ipsum is simply dummy text of the printing and typesetting industry.
2022/07/27 11:43:20 main.go:30: counterOfNumber 324
2022/07/27 11:43:20 main.go:31: userLogin Lorem Ipsum is simply dummy text of the printing and typesetting industry.
2022/07/27 11:43:20 main.go:30: counterOfNumber 325
2022/07/27 11:43:20 main.go:31: userLogin Lorem Ipsum is simply dummy text of the printing and typesetting industry.
2022/07/27 11:43:20 main.go:30: counterOfNumber 326
2022/07/27 11:43:20 main.go:31: userLogin Lorem Ipsum is simply dummy text of the printing and typesetting industry.
2022/07/27 11:43:20 main.go:30: counterOfNumber 327
2022/07/27 11:43:20 main.go:31: userLogin Lorem Ipsum is simply dummy text of the printing and typesetting industry.
2022/07/27 11:43:20 main.go:30: counterOfNumber 328
2022/07/27 11:43:20 main.go:31: userLogin Lorem Ipsum is simply dummy text of the printing and typesetting industry.
2022/07/27 11:43:20 main.go:30: counterOfNumber 329
2022/07/27 11:43:20 main.go:31: userLogin Lorem Ipsum is simply dummy text of the printing and typesetting industry.
2022/07/27 11:43:20 main.go:30: counterOfNumber 330
2022/07/27 11:43:20 main.go:31: userLogin Lorem Ipsum is simply dummy text of the printing and typesetting industry.
2022/07/27 11:43:20 main.go:30: counterOfNumber 331
2022/07/27 11:43:20 main.go:31: userLogin Lorem Ipsum is simply dummy text of the printing and typesetting industry.
2022/07/27 11:43:20 main.go:30: counterOfNumber 332
2022/07/27 11:43:20 main.go:31: userLogin Lorem Ipsum is simply dummy text of the printing and typesetting industry.
2022/07/27 11:43:20 main.go:30: counterOfNumber 333
2022/07/27 11:43:20 main.go:31: userLogin Lorem Ipsum is simply dummy text of the printing and typesetting industry.
2022/07/27 11:43:20 main.go:30: counterOfNumber 334
2022/07/27 11:43:20 main.go:31: userLogin Lorem Ipsum is simply dummy text of the printing and typesetting industry.
2022/07/27 11:43:20 main.go:30: counterOfNumber 335
2022/07/27 11:43:20 main.go:31: userLogin Lorem Ipsum is simply dummy text of the printing and typesetting industry.
2022/07/27 11:43:20 main.go:30: counterOfNumber 336
2022/07/27 11:43:20 main.go:31: userLogin Lorem Ipsum is simply dummy text of the printing and typesetting industry.
2022/07/27 11:43:20 main.go:30: counterOfNumber 337
2022/07/27 11:43:20 main.go:31: userLogin Lorem Ipsum is simply dummy text of the printing and typesetting industry.
2022/07/27 11:43:20 main.go:30: counterOfNumber 338
2022/07/27 11:43:20 main.go:31: userLogin Lorem Ipsum is simply dummy text of the printing and typesetting industry.
2022/07/27 11:43:20 main.go:30: counterOfNumber 339
2022/07/27 11:43:20 main.go:31: userLogin Lorem Ipsum is simply dummy text of the printing and typesetting industry.
2022/07/27 11:43:20 main.go:30: counterOfNumber 340
2022/07/27 11:43:20 main.go:31: userLogin Lorem Ipsum is simply dummy text of the printing and typesetting industry.
2022/07/27 11:43:20 main.go:30: counterOfNumber 341
2022/07/27 11:43:20 main.go:31: userLogin Lorem Ipsum is simply dummy text of the printing and typesetting industry.
2022/07/27 11:43:20 main.go:30: counterOfNumber 342
2022/07/27 11:43:20 main.go:31: userLogin Lorem Ipsum is simply dummy text of the printing and typesetting industry.
2022/07/27 11:43:20 main.go:30: counterOfNumber 343
2022/07/27 11:43:20 main.go:31: userLogin Lorem Ipsum is simply dummy text of the printing and typesetting industry.
2022/07/27 11:43:20 main.go:30: counterOfNumber 344
2022/07/27 11:43:20 main.go:31: userLogin Lorem Ipsum is simply dummy text of the printing and typesetting industry.
2022/07/27 11:43:20 main.go:30: counterOfNumber 345
2022/07/27 11:43:20 main.go:31: userLogin Lorem Ipsum is simply dummy text of the printing and typesetting industry.
2022/07/27 11:43:20 main.go:30: counterOfNumber 346
2022/07/27 11:43:20 main.go:31: userLogin Lorem Ipsum is simply dummy text of the printing and typesetting industry.
2022/07/27 11:43:20 main.go:30: counterOfNumber 347
2022/07/27 11:43:20 main.go:31: userLogin Lorem Ipsum is simply dummy text of the printing and typesetting industry.
2022/07/27 11:43:20 main.go:30: counterOfNumber 348
2022/07/27 11:43:20 main.go:31: userLogin Lorem Ipsum is simply dummy text of the printing and typesetting industry.
2022/07/27 11:43:20 main.go:30: counterOfNumber 349
2022/07/27 11:43:20 main.go:31: userLogin Lorem Ipsum is simply dummy text of the printing and typesetting industry.
2022/07/27 11:43:20 main.go:30: counterOfNumber 350
2022/07/27 11:43:20 main.go:31: userLogin Lorem Ipsum is simply dummy text of the printing and typesetting industry.
2022/07/27 11:43:20 main.go:30: counterOfNumber 351
2022/07/27 11:43:20 main.go:31: userLogin Lorem Ipsum is simply dummy text of the printing and typesetting industry.
2022/07/27 11:43:20 main.go:30: counterOfNumber 352
2022/07/27 11:43:20 main.go:31: userLogin Lorem Ipsum is simply dummy text of the printing and typesetting industry.
2022/07/27 11:43:20 main.go:30: counterOfNumber 353
2022/07/27 11:43:20 main.go:31: userLogin Lorem Ipsum is simply dummy text of the printing and typesetting industry.
2022/07/27 11:43:20 main.go:30: counterOfNumber 354
2022/07/27 11:43:20 main.go:31: userLogin Lorem Ipsum is simply dummy text of the printing and typesetting industry.
2022/07/27 11:43:20 main.go:30: counterOfNumber 355
2022/07/27 11:43:20 main.go:31: userLogin Lorem Ipsum is simply dummy text of the printing and typesetting industry.
2022/07/27 11:43:20 main.go:30: counterOfNumber 356
2022/07/27 11:43:20 main.go:31: userLogin Lorem Ipsum is simply dummy text of the printing and typesetting industry.
2022/07/27 11:43:20 main.go:30: counterOfNumber 357
2022/07/27 11:43:20 main.go:31: userLogin Lorem Ipsum is simply dummy text of the printing and typesetting industry.
2022/07/27 11:43:20 main.go:30: counterOfNumber 358
2022/07/27 11:43:20 main.go:31: userLogin Lorem Ipsum is simply dummy text of the printing and typesetting industry.
2022/07/27 11:43:20 main.go:30: counterOfNumber 359
2022/07/27 11:43:20 main.go:31: userLogin Lorem Ipsum is simply dummy text of the printing and typesetting industry.
2022/07/27 11:43:20 main.go:30: counterOfNumber 360
2022/07/27 11:43:20 main.go:31: userLogin Lorem Ipsum is simply dummy text of the printing and typesetting industry.
2022/07/27 11:43:20 main.go:30: counterOfNumber 361
2022/07/27 11:43:20 main.go:31: userLogin Lorem Ipsum is simply dummy text of the printing and typesetting industry.
2022/07/27 11:43:20 main.go:37: gracefulShutdown done
